australian_capitals_2026_04_13_050452.csv
british_monarchs_2026_04_24_043714.csv
broadway_shows_2026_05_12_163417.csv
canadian_capitals_2026_03_23_235426.csv
eu_nations_2026_05_07_214521.csv
grammy_albums_of_the_year_2026_04_18_215458.csv
literature_2026_04_27_225446.csv
nato_nations_2026_05_07_214537.csv
olympics_2026_04_22_003014.csv
opera_2026_05_17_165352.csv
oscar_best_actors_2026_04_14_053846.csv
oscar_best_actresses_2026_04_15_035122.csv
oscar_best_pictures_2026_03_16_002725.csv
periodic_table_2026_05_06_211545.csv
snl_cast_members_2026_05_04_035845.csv
snl_host_five_timers_2026_05_04_034910.csv
super_bowl_winners_2026_04_17_051629.csv
us_city_populations_2026_04_25_021206.csv
us_last_names_2026_04_30_043935.csv
us_most_populous_cities__2024__2026_04_25_173150.csv
us_state_territory_capitals_2026_03_09_004406.csv
world_capitals_2026_03_09_011429.csv
world_cup_2026_04_22_190523.csv
_alex__billboard_year_end_pop_2026_05_25_181225.csv
_alex__oscar_best_supporting_actors_2026_05_25_181400.csv
_alex__oscar_best_supporting_actresses_2026_05_25_181426.csv
